-------------------------------------------------------------------------------
Test set: Requisicao.RequisicaoTest
-------------------------------------------------------------------------------
Tests run: 5, Failures: 1, Errors: 0, Skipped: 0, Time elapsed: 0.046 s <<< FAILURE! - in Requisicao.RequisicaoTest
testCalcularTotalComTaxa  Time elapsed: 0.01 s  <<< FAILURE!
org.opentest4j.AssertionFailedError: expected: <8.8> but was: <17.6>
	at Requisicao.RequisicaoTest.testCalcularTotalComTaxa(RequisicaoTest.java:60)

